#
# There is insufficient memory for the Java Runtime Environment to continue.
# Native memory allocation (mmap) failed to map 264241152 bytes for G1 virtual space
# Possible reasons:
#   The system is out of physical RAM or swap space
#   The process is running with CompressedOops enabled, and the Java Heap may be blocking the growth of the native heap
# Possible solutions:
#   Reduce memory load on the system
#   Increase physical memory or swap space
#   Check if swap backing store is full
#   Decrease Java heap size (-Xmx/-Xms)
#   Decrease number of Java threads
#   Decrease Java thread stack sizes (-Xss)
#   Set larger code cache with -XX:ReservedCodeCacheSize=
#   JVM is running with Zero Based Compressed Oops mode in which the Java heap is
#     placed in the first 32GB address space. The Java Heap base address is the
#     maximum limit for the native heap growth. Please use -XX:HeapBaseMinAddress
#     to set the Java Heap base and to place the Java Heap above 32GB virtual address.
# This output file may be truncated or incomplete.
#
#  Out of Memory Error (os_windows.cpp:3536), pid=6748, tid=19100
#
# JRE version:  (19.0.2+7) (build )
# Java VM: Java HotSpot(TM) 64-Bit Server VM (19.0.2+7-44, mixed mode, sharing, tiered, compressed oops, compressed class ptrs, g1 gc, windows-amd64)
# No core dump will be written. Minidumps are not enabled by default on client versions of Windows
#

---------------  S U M M A R Y ------------

Command Line: 

Host: 12th Gen Intel(R) Core(TM) i7-12700H, 20 cores, 15G,  Windows 11 , 64 bit Build 22621 (10.0.22621.3672)
Time: Mon Jul  1 15:25:01 2024 Central Daylight Time elapsed time: 0.015256 seconds (0d 0h 0m 0s)

---------------  T H R E A D  ---------------

Current thread (0x0000024494aa0380):  JavaThread "Unknown thread" [_thread_in_vm, id=19100, stack(0x0000004523b00000,0x0000004523c00000)]

Stack: [0x0000004523b00000,0x0000004523c00000]
Native frames: (J=compiled Java code, j=interpreted, Vv=VM code, C=native code)
V  [jvm.dll+0x6ee21a]
V  [jvm.dll+0x85765e]
V  [jvm.dll+0x85904e]
V  [jvm.dll+0x859703]
V  [jvm.dll+0x28298f]
V  [jvm.dll+0x6eb009]
V  [jvm.dll+0x6dfbaa]
V  [jvm.dll+0x3573f6]
V  [jvm.dll+0x35ee56]
V  [jvm.dll+0x3b541e]
V  [jvm.dll+0x3b564f]
V  [jvm.dll+0x32c9ea]
V  [jvm.dll+0x32d89e]
V  [jvm.dll+0x821780]
V  [jvm.dll+0x3c2661]
V  [jvm.dll+0x801f51]
V  [jvm.dll+0x44ae8f]
V  [jvm.dll+0x44c811]
C  [jli.dll+0x5287]
C  [ucrtbase.dll+0x29333]
C  [KERNEL32.DLL+0x1257d]
C  [ntdll.dll+0x5af28]


---------------  P R O C E S S  ---------------

Threads class SMR info:
_java_thread_list=0x00007ffedafcd048, length=0, elements={
}

Java Threads: ( => current thread )

Other Threads:
  0x0000024494b139d0 WorkerThread "GC Thread#0" [stack: 0x0000004523c00000,0x0000004523d00000] [id=25312]
  0x0000024494b245e0 ConcurrentGCThread "G1 Main Marker" [stack: 0x0000004523d00000,0x0000004523e00000] [id=14928]
  0x0000024494b257b0 WorkerThread "G1 Conc#0" [stack: 0x0000004523e00000,0x0000004523f00000] [id=26316]

[error occurred during error reporting (printing all threads), id 0xc0000005, EXCEPTION_ACCESS_VIOLATION (0xc0000005) at pc=0x00007ffeda78d427]

VM state: not at safepoint (not fully initialized)

VM Mutex/Monitor currently owned by a thread:  ([mutex/lock_event])
[0x0000024494a9c020] Heap_lock - owner thread: 0x0000024494aa0380

Heap address: 0x0000000704e00000, size: 4018 MB, Compressed Oops mode: Zero based, Oop shift amount: 3

CDS archive(s) mapped at: [0x0000000000000000-0x0000000000000000-0x0000000000000000), size 0, SharedBaseAddress: 0x0000000800000000, ArchiveRelocationMode: 0.
Narrow klass base: 0x0000000000000000, Narrow klass shift: 0, Narrow klass range: 0x0

GC Precious Log:
 CardTable entry size: 512
 Card Set container configuration: InlinePtr #cards 4 size 8 Array Of Cards #cards 16 size 48 Howl #buckets 8 coarsen threshold 3686 Howl Bitmap #cards 512 size 80 coarsen threshold 460 Card regions per heap region 1 cards per card region 4096

Heap:
 garbage-first heap   total 0K, used 0K [0x0000000704e00000, 0x0000000800000000)
  region size 2048K, 0 young (0K), 0 survivors (0K)

[error occurred during error reporting (printing heap information), id 0xc0000005, EXCEPTION_ACCESS_VIOLATION (0xc0000005) at pc=0x00007ffedab96649]

GC Heap History (0 events):
No events

Dll operation events (1 events):
Event: 0.008 Loaded shared library C:\Program Files\Java\jdk-19\bin\java.dll

Deoptimization events (0 events):
No events

Classes loaded (0 events):
No events

Classes unloaded (0 events):
No events

Classes redefined (0 events):
No events

Internal exceptions (0 events):
No events

VM Operations (0 events):
No events

Events (0 events):
No events


Dynamic libraries:
0x00007ff60ba10000 - 0x00007ff60ba20000 	C:\Program Files\Java\jdk-19\bin\java.exe
0x00007fff5db90000 - 0x00007fff5dda7000 	C:\WINDOWS\SYSTEM32\ntdll.dll
0x00007fff5cb40000 - 0x00007fff5cc04000 	C:\WINDOWS\System32\KERNEL32.DLL
0x00007fff5aec0000 - 0x00007fff5b26c000 	C:\WINDOWS\System32\KERNELBASE.dll
0x00007fff5b5e0000 - 0x00007fff5b6f1000 	C:\WINDOWS\System32\ucrtbase.dll
0x00007fff4bb10000 - 0x00007fff4bb2b000 	C:\Program Files\Java\jdk-19\bin\VCRUNTIME140.dll
0x00007fff494c0000 - 0x00007fff494d8000 	C:\Program Files\Java\jdk-19\bin\jli.dll
0x00007fff5cc10000 - 0x00007fff5ccc2000 	C:\WINDOWS\System32\ADVAPI32.dll
0x00007fff5d470000 - 0x00007fff5d517000 	C:\WINDOWS\System32\msvcrt.dll
0x00007fff5be90000 - 0x00007fff5bf3a000 	C:\WINDOWS\System32\sechost.dll
0x00007fff5b5b0000 - 0x00007fff5b5d8000 	C:\WINDOWS\System32\bcrypt.dll
0x00007fff5d9f0000 - 0x00007fff5db05000 	C:\WINDOWS\System32\RPCRT4.dll
0x00007fff5b940000 - 0x00007fff5baee000 	C:\WINDOWS\System32\USER32.dll
0x00007fff5b460000 - 0x00007fff5b486000 	C:\WINDOWS\System32\win32u.dll
0x00007fff3c390000 - 0x00007fff3c623000 	C:\WINDOWS\WinSxS\amd64_microsoft.windows.common-controls_6595b64144ccf1df_6.0.22621.3672_none_2713b9d173822955\COMCTL32.dll
0x00007fff5d440000 - 0x00007fff5d469000 	C:\WINDOWS\System32\GDI32.dll
0x00007fff5b490000 - 0x00007fff5b5a9000 	C:\WINDOWS\System32\gdi32full.dll
0x00007fff5b830000 - 0x00007fff5b8ca000 	C:\WINDOWS\System32\msvcp_win.dll
0x00007fff4b7c0000 - 0x00007fff4b7ca000 	C:\WINDOWS\SYSTEM32\VERSION.dll
0x00007fff5db10000 - 0x00007fff5db41000 	C:\WINDOWS\System32\IMM32.DLL
0x00007fff529a0000 - 0x00007fff529ac000 	C:\Program Files\Java\jdk-19\bin\vcruntime140_1.dll
0x00007fff14ac0000 - 0x00007fff14b4e000 	C:\Program Files\Java\jdk-19\bin\msvcp140.dll
0x00007ffeda450000 - 0x00007ffedb110000 	C:\Program Files\Java\jdk-19\bin\server\jvm.dll
0x00007fff55ba0000 - 0x00007fff55bd4000 	C:\WINDOWS\SYSTEM32\WINMM.dll
0x00007fff3aa80000 - 0x00007fff3aa89000 	C:\WINDOWS\SYSTEM32\WSOCK32.dll
0x00007fff5bda0000 - 0x00007fff5be11000 	C:\WINDOWS\System32\WS2_32.dll
0x00007fff59eb0000 - 0x00007fff59ec8000 	C:\WINDOWS\SYSTEM32\kernel.appcore.dll
0x00007fff52990000 - 0x00007fff5299a000 	C:\Program Files\Java\jdk-19\bin\jimage.dll
0x00007fff58790000 - 0x00007fff589c2000 	C:\WINDOWS\SYSTEM32\DBGHELP.DLL
0x00007fff5c7b0000 - 0x00007fff5cb38000 	C:\WINDOWS\System32\combase.dll
0x00007fff5bb10000 - 0x00007fff5bbe7000 	C:\WINDOWS\System32\OLEAUT32.dll
0x00007fff55be0000 - 0x00007fff55c12000 	C:\WINDOWS\SYSTEM32\dbgcore.DLL
0x00007fff5b270000 - 0x00007fff5b2eb000 	C:\WINDOWS\System32\bcryptPrimitives.dll
0x00007fff49160000 - 0x00007fff49186000 	C:\Program Files\Java\jdk-19\bin\java.dll

dbghelp: loaded successfully - version: 4.0.5 - missing functions: none
symbol engine: initialized successfully - sym options: 0x614 - pdb path: .;C:\Program Files\Java\jdk-19\bin;C:\WINDOWS\SYSTEM32;C:\WINDOWS\WinSxS\amd64_microsoft.windows.common-controls_6595b64144ccf1df_6.0.22621.3672_none_2713b9d173822955;C:\Program Files\Java\jdk-19\bin\server

VM Arguments:
java_command: <unknown>
java_class_path (initial): <not set>
Launcher Type: SUN_STANDARD

[Global flags]
     intx CICompilerCount                          = 12                                        {product} {ergonomic}
     uint ConcGCThreads                            = 4                                         {product} {ergonomic}
     uint G1ConcRefinementThreads                  = 15                                        {product} {ergonomic}
   size_t G1HeapRegionSize                         = 2097152                                   {product} {ergonomic}
    uintx GCDrainStackTargetSize                   = 64                                        {product} {ergonomic}
   size_t InitialHeapSize                          = 264241152                                 {product} {ergonomic}
   size_t MarkStackSize                            = 4194304                                   {product} {ergonomic}
   size_t MaxHeapSize                              = 4213178368                                {product} {ergonomic}
   size_t MinHeapDeltaBytes                        = 2097152                                   {product} {ergonomic}
   size_t MinHeapSize                              = 8388608                                   {product} {ergonomic}
    uintx NonNMethodCodeHeapSize                   = 7602480                                {pd product} {ergonomic}
    uintx NonProfiledCodeHeapSize                  = 122027880                              {pd product} {ergonomic}
    uintx ProfiledCodeHeapSize                     = 122027880                              {pd product} {ergonomic}
    uintx ReservedCodeCacheSize                    = 251658240                              {pd product} {ergonomic}
     bool SegmentedCodeCache                       = true                                      {product} {ergonomic}
   size_t SoftMaxHeapSize                          = 4213178368                             {manageable} {ergonomic}
     bool UseCompressedClassPointers               = true                           {product lp64_product} {ergonomic}
     bool UseCompressedOops                        = true                           {product lp64_product} {ergonomic}
     bool UseG1GC                                  = true                                      {product} {ergonomic}
     bool UseLargePagesIndividualAllocation        = false                                  {pd product} {ergonomic}

Logging:
Log output configuration:
 #0: stdout all=warning uptime,level,tags foldmultilines=false
 #1: stderr all=off uptime,level,tags foldmultilines=false

Environment Variables:
JAVA_HOME=C:\Program Files\Java\jdk-19
PATH=C:\Program Files\Microsoft SDKs\Azure\CLI2\wbin;C:\Program Files\Common Files\Oracle\Java\javapath;C:\WINDOWS\system32;C:\WINDOWS;C:\WINDOWS\System32\Wbem;C:\WINDOWS\System32\WindowsPowerShell\v1.0\;C:\WINDOWS\System32\OpenSSH\;C:\Program Files\dotnet\;C:\src\flutter\bin;C:\Program Files\Java\jdk-19\bin;C:\Program Files\Docker\Docker\resources\bin;C:\Users\dsoni\chromedriver_win32;C:\Strawberry\c\bin;C:\Strawberry\perl\site\bin;C:\Strawberry\perl\bin;C:\Users\dsoni\Downloads\php-8.2.17-Win32-vs16-x64\;C:\xampp\php;C:\xampp\tomcat;C:\Program Files\Java\apache-maven-3.9.6\bin;C:\Program Files\nodejs\;C:\Program Files\MySQL\MySQL Server 8.0\bin;C:\Program Files\Git\cmd;C:\Program Files\MySQL\MySQL Shell 8.0\bin\;C:\Users\dsoni\anaconda3;C:\Users\dsoni\anaconda3\Library\mingw-w64\bin;C:\Users\dsoni\anaconda3\Library\usr\bin;C:\Users\dsoni\anaconda3\Library\bin;C:\Users\dsoni\anaconda3\Scripts;C:\Users\dsoni\AppData\Local\Programs\Microsoft VS Code\bin;C:\Program Files\heroku\bin;C:\xampp;C:\Users\dsoni\AppData\Roaming\npm
USERNAME=dsoni
OS=Windows_NT
PROCESSOR_IDENTIFIER=Intel64 Family 6 Model 154 Stepping 3, GenuineIntel
TMP=C:\Users\dsoni\AppData\Local\Temp
TEMP=C:\Users\dsoni\AppData\Local\Temp



---------------  S Y S T E M  ---------------

OS:
 Windows 11 , 64 bit Build 22621 (10.0.22621.3672)
OS uptime: 0 days 0:19 hours
Hyper-V role detected

CPU: total 20 (initial active 20) (10 cores per cpu, 2 threads per core) family 6 model 154 stepping 3 microcode 0x433, cx8, cmov, fxsr, ht, mmx, 3dnowpref, sse, sse2, sse3, ssse3, sse4.1, sse4.2, popcnt, lzcnt, tsc, tscinvbit, avx, avx2, aes, erms, clmul, bmi1, bmi2, adx, sha, fma, vzeroupper, clflush, clflushopt, clwb, hv, serialize, rdtscp, rdpid, fsrm

Memory: 4k page, system-wide physical 16068M (2539M free)
TotalPageFile size 17092M (AvailPageFile size 51M)
current process WorkingSet (physical memory assigned to process): 11M, peak: 11M
current process commit charge ("private bytes"): 75M, peak: 327M

vm_info: Java HotSpot(TM) 64-Bit Server VM (19.0.2+7-44) for windows-amd64 JRE (19.0.2+7-44), built on 2022-11-30T18:02:09Z by "mach5one" with MS VC++ 17.1 (VS2022)

END.
